# JRE version: Java(TM) SE Runtime Environment (8.0_181-b13) (build 1.8.0_181-b13)
# Java VM: Java HotSpot(TM) 64-Bit Server VM (25.181-b13 mixed mode windows-amd64 compressed oops)
Heap:
 PSYoungGen      total 337920K, used 3920K [0x00000000e0780000, 0x00000000f6580000, 0x0000000100000000)
  eden space 316928K, 0% used [0x00000000e0780000,0x00000000e0780000,0x00000000f3d00000)
  from space 20992K, 18% used [0x00000000f3d00000,0x00000000f40d40d0,0x00000000f5180000)
  to   space 20480K, 0% used [0x00000000f5180000,0x00000000f5180000,0x00000000f6580000)
 ParOldGen       total 70144K, used 30987K [0x00000000a1600000, 0x00000000a5a80000, 0x00000000e0780000)
  object space 70144K, 44% used [0x00000000a1600000,0x00000000a3442e30,0x00000000a5a80000)
 Metaspace       used 56403K, capacity 59070K, committed 59136K, reserved 1099776K
  class space    used 7694K, capacity 8192K, committed 8192K, reserved 1048576K
GC Heap History (10 events):
Event: 8.213 GC heap after
Heap after GC invocations=12 (full 2):
 PSYoungGen      total 254976K, used 15854K [0x00000000e0780000, 0x00000000f1980000, 0x0000000100000000)
  eden space 239104K, 0% used [0x00000000e0780000,0x00000000e0780000,0x00000000ef100000)
  from space 15872K, 99% used [0x00000000f0a00000,0x00000000f197bb98,0x00000000f1980000)
  to   space 18944K, 0% used [0x00000000ef480000,0x00000000ef480000,0x00000000f0700000)
 ParOldGen       total 70144K, used 27080K [0x00000000a1600000, 0x00000000a5a80000, 0x00000000e0780000)
  object space 70144K, 38% used [0x00000000a1600000,0x00000000a3072310,0x00000000a5a80000)
 Metaspace       used 47669K, capacity 49760K, committed 50048K, reserved 1091584K
  class space    used 6536K, capacity 6916K, committed 7040K, reserved 1048576K
}
Event: 366.600 GC heap before
{Heap before GC invocations=13 (full 2):
 PSYoungGen      total 254976K, used 254958K [0x00000000e0780000, 0x00000000f1980000, 0x0000000100000000)
  eden space 239104K, 100% used [0x00000000e0780000,0x00000000ef100000,0x00000000ef100000)
  from space 15872K, 99% used [0x00000000f0a00000,0x00000000f197bb98,0x00000000f1980000)
  to   space 18944K, 0% used [0x00000000ef480000,0x00000000ef480000,0x00000000f0700000)
 ParOldGen       total 70144K, used 27080K [0x00000000a1600000, 0x00000000a5a80000, 0x00000000e0780000)
  object space 70144K, 38% used [0x00000000a1600000,0x00000000a3072310,0x00000000a5a80000)
 Metaspace       used 55964K, capacity 58418K, committed 58624K, reserved 1099776K
  class space    used 7639K, capacity 8078K, committed 8192K, reserved 1048576K
Event: 366.660 GC heap after
Heap after GC invocations=13 (full 2):
 PSYoungGen      total 261632K, used 14573K [0x00000000e0780000, 0x00000000f6580000, 0x0000000100000000)
  eden space 242688K, 0% used [0x00000000e0780000,0x00000000e0780000,0x00000000ef480000)
  from space 18944K, 76% used [0x00000000ef480000,0x00000000f02bb7b8,0x00000000f0700000)
  to   space 20480K, 0% used [0x00000000f5180000,0x00000000f5180000,0x00000000f6580000)
 ParOldGen       total 70144K, used 34566K [0x00000000a1600000, 0x00000000a5a80000, 0x00000000e0780000)
  object space 70144K, 49% used [0x00000000a1600000,0x00000000a37c1890,0x00000000a5a80000)
 Metaspace       used 55964K, capacity 58418K, committed 58624K, reserved 1099776K
  class space    used 7639K, capacity 8078K, committed 8192K, reserved 1048576K
}
Event: 1226.218 GC heap before
{Heap before GC invocations=14 (full 2):
 PSYoungGen      total 261632K, used 189699K [0x00000000e0780000, 0x00000000f6580000, 0x0000000100000000)
  eden space 242688K, 72% used [0x00000000e0780000,0x00000000eb2855b8,0x00000000ef480000)
  from space 18944K, 76% used [0x00000000ef480000,0x00000000f02bb7b8,0x00000000f0700000)
  to   space 20480K, 0% used [0x00000000f5180000,0x00000000f5180000,0x00000000f6580000)
 ParOldGen       total 70144K, used 34566K [0x00000000a1600000, 0x00000000a5a80000, 0x00000000e0780000)
  object space 70144K, 49% used [0x00000000a1600000,0x00000000a37c1890,0x00000000a5a80000)
 Metaspace       used 56041K, capacity 58516K, committed 58624K, reserved 1099776K
  class space    used 7654K, capacity 8122K, committed 8192K, reserved 1048576K
Event: 1226.231 GC heap after
Heap after GC invocations=14 (full 2):
 PSYoungGen      total 337408K, used 192K [0x00000000e0780000, 0x00000000f6680000, 0x0000000100000000)
  eden space 316928K, 0% used [0x00000000e0780000,0x00000000e0780000,0x00000000f3d00000)
  from space 20480K, 0% used [0x00000000f5180000,0x00000000f51b0000,0x00000000f6580000)
  to   space 20992K, 0% used [0x00000000f3d00000,0x00000000f3d00000,0x00000000f5180000)
 ParOldGen       total 70144K, used 41582K [0x00000000a1600000, 0x00000000a5a80000, 0x00000000e0780000)
  object space 70144K, 59% used [0x00000000a1600000,0x00000000a3e9ba18,0x00000000a5a80000)
 Metaspace       used 56041K, capacity 58516K, committed 58624K, reserved 1099776K
  class space    used 7654K, capacity 8122K, committed 8192K, reserved 1048576K
}
Event: 1226.231 GC heap before
{Heap before GC invocations=15 (full 3):
 PSYoungGen      total 337408K, used 192K [0x00000000e0780000, 0x00000000f6680000, 0x0000000100000000)
  eden space 316928K, 0% used [0x00000000e0780000,0x00000000e0780000,0x00000000f3d00000)
  from space 20480K, 0% used [0x00000000f5180000,0x00000000f51b0000,0x00000000f6580000)
  to   space 20992K, 0% used [0x00000000f3d00000,0x00000000f3d00000,0x00000000f5180000)
 ParOldGen       total 70144K, used 41582K [0x00000000a1600000, 0x00000000a5a80000, 0x00000000e0780000)
  object space 70144K, 59% used [0x00000000a1600000,0x00000000a3e9ba18,0x00000000a5a80000)
 Metaspace       used 56041K, capacity 58516K, committed 58624K, reserved 1099776K
  class space    used 7654K, capacity 8122K, committed 8192K, reserved 1048576K
Event: 1226.530 GC heap after
Heap after GC invocations=15 (full 3):
 PSYoungGen      total 337408K, used 0K [0x00000000e0780000, 0x00000000f6680000, 0x0000000100000000)
  eden space 316928K, 0% used [0x00000000e0780000,0x00000000e0780000,0x00000000f3d00000)
  from space 20480K, 0% used [0x00000000f5180000,0x00000000f5180000,0x00000000f6580000)
  to   space 20992K, 0% used [0x00000000f3d00000,0x00000000f3d00000,0x00000000f5180000)
 ParOldGen       total 70144K, used 30979K [0x00000000a1600000, 0x00000000a5a80000, 0x00000000e0780000)
  object space 70144K, 44% used [0x00000000a1600000,0x00000000a3440e30,0x00000000a5a80000)
 Metaspace       used 56031K, capacity 58498K, committed 58624K, reserved 1099776K
  class space    used 7652K, capacity 8119K, committed 8192K, reserved 1048576K
}
Event: 1262.837 GC heap before
{Heap before GC invocations=16 (full 3):
 PSYoungGen      total 337408K, used 192239K [0x00000000e0780000, 0x00000000f6680000, 0x0000000100000000)
  eden space 316928K, 60% used [0x00000000e0780000,0x00000000ec33bca8,0x00000000f3d00000)
  from space 20480K, 0% used [0x00000000f5180000,0x00000000f5180000,0x00000000f6580000)
  to   space 20992K, 0% used [0x00000000f3d00000,0x00000000f3d00000,0x00000000f5180000)
 ParOldGen       total 70144K, used 30979K [0x00000000a1600000, 0x00000000a5a80000, 0x00000000e0780000)
  object space 70144K, 44% used [0x00000000a1600000,0x00000000a3440e30,0x00000000a5a80000)
 Metaspace       used 56403K, capacity 59070K, committed 59136K, reserved 1099776K
  class space    used 7694K, capacity 8192K, committed 8192K, reserved 1048576K
Event: 1262.845 GC heap after
Heap after GC invocations=16 (full 3):
 PSYoungGen      total 337920K, used 3920K [0x00000000e0780000, 0x00000000f6580000, 0x0000000100000000)
  eden space 316928K, 0% used [0x00000000e0780000,0x00000000e0780000,0x00000000f3d00000)
  from space 20992K, 18% used [0x00000000f3d00000,0x00000000f40d40d0,0x00000000f5180000)
  to   space 20480K, 0% used [0x00000000f5180000,0x00000000f5180000,0x00000000f6580000)
 ParOldGen       total 70144K, used 30987K [0x00000000a1600000, 0x00000000a5a80000, 0x00000000e0780000)
  object space 70144K, 44% used [0x00000000a1600000,0x00000000a3442e30,0x00000000a5a80000)
 Metaspace       used 56403K, capacity 59070K, committed 59136K, reserved 1099776K
  class space    used 7694K, capacity 8192K, committed 8192K, reserved 1048576K
}
Event: 1262.845 GC heap before
{Heap before GC invocations=17 (full 4):
 PSYoungGen      total 337920K, used 3920K [0x00000000e0780000, 0x00000000f6580000, 0x0000000100000000)
  eden space 316928K, 0% used [0x00000000e0780000,0x00000000e0780000,0x00000000f3d00000)
  from space 20992K, 18% used [0x00000000f3d00000,0x00000000f40d40d0,0x00000000f5180000)
  to   space 20480K, 0% used [0x00000000f5180000,0x00000000f5180000,0x00000000f6580000)
 ParOldGen       total 70144K, used 30987K [0x00000000a1600000, 0x00000000a5a80000, 0x00000000e0780000)
  object space 70144K, 44% used [0x00000000a1600000,0x00000000a3442e30,0x00000000a5a80000)
 Metaspace       used 56403K, capacity 59070K, committed 59136K, reserved 1099776K
  class space    used 7694K, capacity 8192K, committed 8192K, reserved 1048576K

