# JRE version: Java(TM) SE Runtime Environment (8.0_181-b13) (build 1.8.0_181-b13)
# Java VM: Java HotSpot(TM) 64-Bit Server VM (25.181-b13 mixed mode windows-amd64 compressed oops)
Heap:
 PSYoungGen      total 182784K, used 10729K [0x00000000e0780000, 0x00000000f1380000, 0x0000000100000000)
  eden space 172032K, 0% used [0x00000000e0780000,0x00000000e0780000,0x00000000eaf80000)
  from space 10752K, 99% used [0x00000000eaf80000,0x00000000eb9fa7d0,0x00000000eba00000)
  to   space 15872K, 0% used [0x00000000f0400000,0x00000000f0400000,0x00000000f1380000)
 ParOldGen       total 39424K, used 15340K [0x00000000a1600000, 0x00000000a3c80000, 0x00000000e0780000)
  object space 39424K, 38% used [0x00000000a1600000,0x00000000a24fb048,0x00000000a3c80000)
 Metaspace       used 33764K, capacity 35348K, committed 35456K, reserved 1079296K
  class space    used 4573K, capacity 4912K, committed 4992K, reserved 1048576K
GC Heap History (10 events):
Event: 1.927 GC heap after
Heap after GC invocations=6 (full 0):
 PSYoungGen      total 108032K, used 4254K [0x00000000e0780000, 0x00000000e7a80000, 0x0000000100000000)
  eden space 98304K, 0% used [0x00000000e0780000,0x00000000e0780000,0x00000000e6780000)
  from space 9728K, 43% used [0x00000000e7100000,0x00000000e7527928,0x00000000e7a80000)
  to   space 9728K, 0% used [0x00000000e6780000,0x00000000e6780000,0x00000000e7100000)
 ParOldGen       total 65536K, used 8121K [0x00000000a1600000, 0x00000000a5600000, 0x00000000e0780000)
  object space 65536K, 12% used [0x00000000a1600000,0x00000000a1dee788,0x00000000a5600000)
 Metaspace       used 20421K, capacity 21104K, committed 21296K, reserved 1067008K
  class space    used 2768K, capacity 2933K, committed 2944K, reserved 1048576K
}
Event: 1.927 GC heap before
{Heap before GC invocations=7 (full 1):
 PSYoungGen      total 108032K, used 4254K [0x00000000e0780000, 0x00000000e7a80000, 0x0000000100000000)
  eden space 98304K, 0% used [0x00000000e0780000,0x00000000e0780000,0x00000000e6780000)
  from space 9728K, 43% used [0x00000000e7100000,0x00000000e7527928,0x00000000e7a80000)
  to   space 9728K, 0% used [0x00000000e6780000,0x00000000e6780000,0x00000000e7100000)
 ParOldGen       total 65536K, used 8121K [0x00000000a1600000, 0x00000000a5600000, 0x00000000e0780000)
  object space 65536K, 12% used [0x00000000a1600000,0x00000000a1dee788,0x00000000a5600000)
 Metaspace       used 20421K, capacity 21104K, committed 21296K, reserved 1067008K
  class space    used 2768K, capacity 2933K, committed 2944K, reserved 1048576K
Event: 1.971 GC heap after
Heap after GC invocations=7 (full 1):
 PSYoungGen      total 108032K, used 0K [0x00000000e0780000, 0x00000000e7a80000, 0x0000000100000000)
  eden space 98304K, 0% used [0x00000000e0780000,0x00000000e0780000,0x00000000e6780000)
  from space 9728K, 0% used [0x00000000e7100000,0x00000000e7100000,0x00000000e7a80000)
  to   space 9728K, 0% used [0x00000000e6780000,0x00000000e6780000,0x00000000e7100000)
 ParOldGen       total 39424K, used 5149K [0x00000000a1600000, 0x00000000a3c80000, 0x00000000e0780000)
  object space 39424K, 13% used [0x00000000a1600000,0x00000000a1b07648,0x00000000a3c80000)
 Metaspace       used 20421K, capacity 21104K, committed 21296K, reserved 1067008K
  class space    used 2768K, capacity 2933K, committed 2944K, reserved 1048576K
}
Event: 2.808 GC heap before
{Heap before GC invocations=8 (full 1):
 PSYoungGen      total 108032K, used 98304K [0x00000000e0780000, 0x00000000e7a80000, 0x0000000100000000)
  eden space 98304K, 100% used [0x00000000e0780000,0x00000000e6780000,0x00000000e6780000)
  from space 9728K, 0% used [0x00000000e7100000,0x00000000e7100000,0x00000000e7a80000)
  to   space 9728K, 0% used [0x00000000e6780000,0x00000000e6780000,0x00000000e7100000)
 ParOldGen       total 39424K, used 5149K [0x00000000a1600000, 0x00000000a3c80000, 0x00000000e0780000)
  object space 39424K, 13% used [0x00000000a1600000,0x00000000a1b07648,0x00000000a3c80000)
 Metaspace       used 22287K, capacity 23128K, committed 23296K, reserved 1069056K
  class space    used 3050K, capacity 3261K, committed 3328K, reserved 1048576K
Event: 2.816 GC heap after
Heap after GC invocations=8 (full 1):
 PSYoungGen      total 108032K, used 5009K [0x00000000e0780000, 0x00000000ec480000, 0x0000000100000000)
  eden space 98304K, 0% used [0x00000000e0780000,0x00000000e0780000,0x00000000e6780000)
  from space 9728K, 51% used [0x00000000e6780000,0x00000000e6c64618,0x00000000e7100000)
  to   space 9216K, 0% used [0x00000000ebb80000,0x00000000ebb80000,0x00000000ec480000)
 ParOldGen       total 39424K, used 5221K [0x00000000a1600000, 0x00000000a3c80000, 0x00000000e0780000)
  object space 39424K, 13% used [0x00000000a1600000,0x00000000a1b19658,0x00000000a3c80000)
 Metaspace       used 22287K, capacity 23128K, committed 23296K, reserved 1069056K
  class space    used 3050K, capacity 3261K, committed 3328K, reserved 1048576K
}
Event: 4.068 GC heap before
{Heap before GC invocations=9 (full 1):
 PSYoungGen      total 108032K, used 103313K [0x00000000e0780000, 0x00000000ec480000, 0x0000000100000000)
  eden space 98304K, 100% used [0x00000000e0780000,0x00000000e6780000,0x00000000e6780000)
  from space 9728K, 51% used [0x00000000e6780000,0x00000000e6c64618,0x00000000e7100000)
  to   space 9216K, 0% used [0x00000000ebb80000,0x00000000ebb80000,0x00000000ec480000)
 ParOldGen       total 39424K, used 5221K [0x00000000a1600000, 0x00000000a3c80000, 0x00000000e0780000)
  object space 39424K, 13% used [0x00000000a1600000,0x00000000a1b19658,0x00000000a3c80000)
 Metaspace       used 26620K, capacity 28142K, committed 28416K, reserved 1073152K
  class space    used 3724K, capacity 4055K, committed 4096K, reserved 1048576K
Event: 4.086 GC heap after
Heap after GC invocations=9 (full 1):
 PSYoungGen      total 180224K, used 9190K [0x00000000e0780000, 0x00000000ec480000, 0x0000000100000000)
  eden space 171008K, 0% used [0x00000000e0780000,0x00000000e0780000,0x00000000eae80000)
  from space 9216K, 99% used [0x00000000ebb80000,0x00000000ec4798b0,0x00000000ec480000)
  to   space 10752K, 0% used [0x00000000eaf80000,0x00000000eaf80000,0x00000000eba00000)
 ParOldGen       total 39424K, used 6067K [0x00000000a1600000, 0x00000000a3c80000, 0x00000000e0780000)
  object space 39424K, 15% used [0x00000000a1600000,0x00000000a1becd18,0x00000000a3c80000)
 Metaspace       used 26620K, capacity 28142K, committed 28416K, reserved 1073152K
  class space    used 3724K, capacity 4055K, committed 4096K, reserved 1048576K
}
Event: 5.610 GC heap before
{Heap before GC invocations=10 (full 1):
 PSYoungGen      total 180224K, used 155943K [0x00000000e0780000, 0x00000000ec480000, 0x0000000100000000)
  eden space 171008K, 85% used [0x00000000e0780000,0x00000000e96d0410,0x00000000eae80000)
  from space 9216K, 99% used [0x00000000ebb80000,0x00000000ec4798b0,0x00000000ec480000)
  to   space 10752K, 0% used [0x00000000eaf80000,0x00000000eaf80000,0x00000000eba00000)
 ParOldGen       total 39424K, used 6067K [0x00000000a1600000, 0x00000000a3c80000, 0x00000000e0780000)
  object space 39424K, 15% used [0x00000000a1600000,0x00000000a1becd18,0x00000000a3c80000)
 Metaspace       used 33764K, capacity 35348K, committed 35456K, reserved 1079296K
  class space    used 4573K, capacity 4912K, committed 4992K, reserved 1048576K
Event: 5.634 GC heap after
Heap after GC invocations=10 (full 1):
 PSYoungGen      total 182784K, used 10729K [0x00000000e0780000, 0x00000000f1380000, 0x0000000100000000)
  eden space 172032K, 0% used [0x00000000e0780000,0x00000000e0780000,0x00000000eaf80000)
  from space 10752K, 99% used [0x00000000eaf80000,0x00000000eb9fa7d0,0x00000000eba00000)
  to   space 15872K, 0% used [0x00000000f0400000,0x00000000f0400000,0x00000000f1380000)
 ParOldGen       total 39424K, used 15340K [0x00000000a1600000, 0x00000000a3c80000, 0x00000000e0780000)
  object space 39424K, 38% used [0x00000000a1600000,0x00000000a24fb048,0x00000000a3c80000)
 Metaspace       used 33764K, capacity 35348K, committed 35456K, reserved 1079296K
  class space    used 4573K, capacity 4912K, committed 4992K, reserved 1048576K
}
Event: 5.634 GC heap before
{Heap before GC invocations=11 (full 2):
 PSYoungGen      total 182784K, used 10729K [0x00000000e0780000, 0x00000000f1380000, 0x0000000100000000)
  eden space 172032K, 0% used [0x00000000e0780000,0x00000000e0780000,0x00000000eaf80000)
  from space 10752K, 99% used [0x00000000eaf80000,0x00000000eb9fa7d0,0x00000000eba00000)
  to   space 15872K, 0% used [0x00000000f0400000,0x00000000f0400000,0x00000000f1380000)
 ParOldGen       total 39424K, used 15340K [0x00000000a1600000, 0x00000000a3c80000, 0x00000000e0780000)
  object space 39424K, 38% used [0x00000000a1600000,0x00000000a24fb048,0x00000000a3c80000)
 Metaspace       used 33764K, capacity 35348K, committed 35456K, reserved 1079296K
  class space    used 4573K, capacity 4912K, committed 4992K, reserved 1048576K

